Xlib: sequence lost (0x1003b > 0x3d) in reply type 0x0!
Xlib: sequence lost (0x10040 > 0x42) in reply type 0x0!
Xlib: sequence lost (0x10045 > 0x47) in reply type 0x0!
Xlib: sequence lost (0x1005d > 0x5f) in reply type 0x0!
Xlib: sequence lost (0x10062 > 0x64) in reply type 0x0!
Xlib: sequence lost (0x10067 > 0x69) in reply type 0x0!
34, serial 57, XID 03800002, display 0x311edf0
XError: GLXBadFBConfig (error 167, opcode 151/34, serial 59, XID 03800002, display 0x311edf0
XError: GLXBadFBConfig (error 167, opcode 151/34, serial 62, XID 03800002, display 0x311edf0
XError: GLXBadFBConfig (error 167, opcode 151/34, serial 64, XID 03800002, display 0x311edf0
XError: GLXBadFBConfig (error 167, opcode 151/34, serial 67, XID 03800002, display 0x311edf0
XError: GLXBadFBConfig (error 167, opcode 151/34, serial 69, XID 03800002, display 0x311edf0
Initialize engine version: 5.3.4f1 (fdbb5133b820)
GfxDevice: creating device client; threaded=1
GLX Extensions: GLX_ARB_create_context GLX_ARB_create_context_no_error GLX_ARB_create_context_profile GLX_ARB_create_context_robustness GLX_ARB_fbconfig_float GLX_ARB_framebuffer_sRGB GLX_ARB_get_proc_address GLX_ARB_multisample GLX_EXT_buffer_age GLX_EXT_create_context_es2_profile GLX_EXT_create_context_es_profile GLX_EXT_fbconfig_packed_float GLX_EXT_framebuffer_sRGB GLX_EXT_import_context GLX_EXT_swap_control GLX_EXT_swap_control_tear GLX_EXT_texture_from_pixmap GLX_EXT_visual_info GLX_EXT_visual_rating GLX_INTEL_swap_event GLX_MESA_copy_sub_buffer GLX_MESA_query_renderer GLX_MESA_swap_control GLX_OML_swap_method GLX_OML_sync_control GLX_SGIS_multisample GLX_SGIX_fbconfig GLX_SGIX_pbuffer GLX_SGIX_visual_select_group GLX_SGI_make_current_read GLX_SGI_swap_control GLX_SGI_video_sync 
Setting maxVSyncInterval to 4
Renderer: Mesa DRI Intel(R) HD Graphics 3000 (SNB GT2)
Vendor:   Intel Open Source Technology Center
Version:  3.3 (Core Profile) Mesa 20.3.4
GLES:     0
 GL_3DFX_texture_compression_FXT1 GL_AMD_draw_buffers_blend GL_AMD_seamless_cubemap_per_texture GL_AMD_shader_trinary_minmax GL_AMD_texture_texture4 GL_AMD_vertex_shader_layer GL_AMD_vertex_shader_viewport_index GL_ANGLE_texture_compression_dxt3 GL_ANGLE_texture_compression_dxt5 GL_APPLE_object_purgeable GL_ARB_ES2_compatibility GL_ARB_ES3_compatibility GL_ARB_arrays_of_arrays GL_ARB_base_instance GL_ARB_blend_func_extended GL_ARB_buffer_storage GL_ARB_clear_buffer_object GL_ARB_clear_texture GL_ARB_clip_control GL_ARB_compressed_texture_pixel_storage GL_ARB_conditional_render_inverted GL_ARB_copy_buffer GL_ARB_copy_image GL_ARB_cull_distance GL_ARB_debug_output GL_ARB_depth_buffer_float GL_ARB_depth_clamp GL_ARB_direct_state_access GL_ARB_draw_buffers GL_ARB_draw_buffers_blend GL_ARB_draw_elements_base_vertex GL_ARB_draw_instanced GL_ARB_enhanced_layouts GL_ARB_explicit_attrib_location GL_ARB_explicit_uniform_location GL_ARB_fragment_coord_conventions GL_ARB_fragment_layer_viewport GL_ARB_fragment_shader GL
_ARB_framebuffer_object GL_ARB_framebuffer_sRGB GL_ARB_get_program_binary GL_ARB_get_texture_sub_image GL_ARB_half_float_pixel GL_ARB_half_float_vertex GL_ARB_instanced_arrays GL_ARB_internalformat_query GL_ARB_internalformat_query2 GL_ARB_invalidate_subdata GL_ARB_map_buffer_alignment GL_ARB_map_buffer_range GL_ARB_multi_bind GL_ARB_occlusion_query2 GL_ARB_parallel_shader_compile GL_ARB_pipeline_statistics_query GL_ARB_pixel_buffer_object GL_ARB_point_sprite GL_ARB_polygon_offset_clamp GL_ARB_program_interface_query GL_ARB_provoking_vertex GL_ARB_robustness GL_ARB_sample_shading GL_ARB_sampler_objects GL_ARB_seamless_cube_map GL_ARB_seamless_cubemap_per_texture GL_ARB_separate_shader_objects GL_ARB_shader_bit_encoding GL_ARB_shader_draw_parameters GL_ARB_shader_group_vote GL_ARB_shader_objects GL_ARB_shader_subroutine GL_ARB_shader_texture_lod GL_ARB_shader_viewport_layer_array GL_ARB_shading_language_420pack GL_ARB_shading_language_include GL_ARB_shading_language_packing GL_ARB_sync GL_ARB_texture_barrier 
GL_ARB_texture_buffer_object GL_ARB_texture_buffer_object_rgb32 GL_ARB_texture_buffer_range GL_ARB_texture_compression_rgtc GL_ARB_texture_cube_map_array GL_ARB_texture_filter_anisotropic GL_ARB_texture_float GL_ARB_texture_gather GL_ARB_texture_mirror_clamp_to_edge GL_ARB_texture_multisample GL_ARB_texture_non_power_of_two GL_ARB_texture_query_levels GL_ARB_texture_query_lod GL_ARB_texture_rectangle GL_ARB_texture_rg GL_ARB_texture_rgb10_a2ui GL_ARB_texture_storage GL_ARB_texture_storage_multisample GL_ARB_texture_swizzle GL_ARB_timer_query GL_ARB_transform_feedback2 GL_ARB_transform_feedback_overflow_query GL_ARB_uniform_buffer_object GL_ARB_vertex_array_bgra GL_ARB_vertex_array_object GL_ARB_vertex_attrib_binding GL_ARB_vertex_buffer_object GL_ARB_vertex_shader GL_ARB_vertex_type_10f_11f_11f_rev GL_ARB_vertex_type_2_10_10_10_rev GL_ARB_viewport_array GL_ATI_blend_equation_separate GL_ATI_texture_float GL_EXT_EGL_image_storage GL_EXT_EGL_sync GL_EXT_abgr GL_EXT_blend_equation_separate GL_EXT_demote_to_help
er_invocation GL_EXT_draw_buffers2 GL_EXT_draw_instanced GL_EXT_framebuffer_blit GL_EXT_framebuffer_multisample GL_EXT_framebuffer_multisample_blit_scaled GL_EXT_framebuffer_object GL_EXT_framebuffer_sRGB GL_EXT_packed_depth_stencil GL_EXT_packed_float GL_EXT_pixel_buffer_object GL_EXT_polygon_offset_clamp GL_EXT_provoking_vertex GL_EXT_shader_framebuffer_fetch_non_coherent GL_EXT_shader_integer_mix GL_EXT_texture_array GL_EXT_texture_compression_dxt1 GL_EXT_texture_compression_rgtc GL_EXT_texture_compression_s3tc GL_EXT_texture_filter_anisotropic GL_EXT_texture_integer GL_EXT_texture_sRGB GL_EXT_texture_sRGB_R8 GL_EXT_texture_sRGB_decode GL_EXT_texture_shadow_lod GL_EXT_texture_shared_exponent GL_EXT_texture_snorm GL_EXT_texture_swizzle GL_EXT_timer_query GL_EXT_transform_feedback GL_EXT_vertex_array_bgra GL_IBM_multimode_draw_arrays GL_INTEL_blackhole_render GL_INTEL_performance_query GL_KHR_blend_equation_advanced GL_KHR_context_flush_control GL_KHR_debug GL_KHR_no_error GL_KHR_parallel_shader_compile GL_
KHR_robustness GL_MESA_pack_invert GL_MESA_shader_integer_functions GL_MESA_texture_signed_rgba GL_NV_conditional_render GL_NV_depth_clamp GL_NV_packed_depth_stencil GL_NV_texture_barrier GL_OES_EGL_image GL_S3_s3tc
OPENGL LOG: Creating OpenGL 3.3 graphics device
AudioManager: Using PulseAudio: Default Output Device
Begin MonoManager ReloadAssembly
Platform assembly: /home/ivan/Downloads/WMotU/game/Warden_Data/Managed/UnityEngine.dll (this message is harmless)
Loading /home/ivan/Downloads/WMotU/game/Warden_Data/Managed/UnityEngine.dll into Unity Child Domain
Platform assembly: /home/ivan/Downloads/WMotU/game/Warden_Data/Managed/Assembly-CSharp-firstpass.dll (this message is harmless)
Loading /home/ivan/Downloads/WMotU/game/Warden_Data/Managed/Assembly-CSharp-firstpass.dll into Unity Child Domain
Platform assembly: /home/ivan/Downloads/WMotU/game/Warden_Data/Managed/Assembly-CSharp.dll (this message is harmless)
Loading /home/ivan/Downloads/WMotU/game/Warden_Data/Managed/Assembly-CSharp.dll into Unity Child Domain
Platform assembly: /home/ivan/Downloads/WMotU/game/Warden_Data/Managed/UnityEngine.UI.dll (this message is harmless)
Loading /home/ivan/Downloads/WMotU/game/Warden_Data/Managed/UnityEngine.UI.dll into Unity Child Domain
Platform assembly: /home/ivan/Downloads/WMotU/game/Warden_Data/Managed/UnityEngine.Networking.dll (this message is harmless)
Loading /home/ivan/Downloads/WMotU/game/Warden_Data/Managed/UnityEngine.Networking.dll into Unity Child Domain
Platform assembly: /home/ivan/Downloads/WMotU/game/Warden_Data/Managed/UnityEngine.Analytics.dll (this message is harmless)
Loading /home/ivan/Downloads/WMotU/game/Warden_Data/Managed/UnityEngine.Analytics.dll into Unity Child Domain
Platform assembly: /home/ivan/Downloads/WMotU/game/Warden_Data/Managed/DecalSystem.Runtime.dll (this message is harmless)
Loading /home/ivan/Downloads/WMotU/game/Warden_Data/Managed/DecalSystem.Runtime.dll into Unity Child Domain
Platform assembly: /home/ivan/Downloads/WMotU/game/Warden_Data/Managed/Rewired_Core.dll (this message is harmless)
Loading /home/ivan/Downloads/WMotU/game/Warden_Data/Managed/Rewired_Core.dll into Unity Child Domain
Platform assembly: /home/ivan/Downloads/WMotU/game/Warden_Data/Managed/Rewired_Linux_Lib.dll (this message is harmless)
Loading /home/ivan/Downloads/WMotU/game/Warden_Data/Managed/Rewired_Linux_Lib.dll into Unity Child Domain
Platform assembly: /home/ivan/Downloads/WMotU/game/Warden_Data/Managed/UnityEngine.CrashLog.dll (this message is harmless)
Loading /home/ivan/Downloads/WMotU/game/Warden_Data/Managed/UnityEngine.CrashLog.dll into Unity Child Domain
- Completed reload, in  0.051 seconds
Platform assembly: /home/ivan/Downloads/WMotU/game/Warden_Data/Managed/System.Core.dll (this message is harmless)
Platform assembly: /home/ivan/Downloads/WMotU/game/Warden_Data/Managed/System.dll (this message is harmless)
Platform assembly: /home/ivan/Downloads/WMotU/game/Warden_Data/Managed/System.Xml.dll (this message is harmless)
XError: BadMatch (invalid parameter attributes) (error 8, opcode 151/34, serial 91, XID 0380000e, display 0x311edf0
XError: BadMatch (invalid parameter attributes) (error 8, opcode 151/34, serial 93, XID 0380000e, display 0x311edf0
XError: BadMatch (invalid parameter attributes) (error 8, opcode 151/34, serial 96, XID 0380000e, display 0x311edf0
XError: BadMatch (invalid parameter attributes) (error 8, opcode 151/34, serial 98, XID 0380000e, display 0x311edf0
XError: BadMatch (invalid parameter attributes) (error 8, opcode 151/34, serial 101, XID 0380000e, display 0x311edf0
XError: BadMatch (invalid parameter attributes) (error 8, opcode 151/34, serial 103, XID 0380000e, display 0x311edf0
Default vsync count 0
requesting resize -1 x -1
Using native desktop resolution 1366 x 768
requesting fullscreen 1366 x 768 at 0 Hz
Desktop is 1366 x 768 @ 60 Hz
Using libudev for joystick management


Importing game controller configs
Changing real window size to 671 x 733
Changing real window size to 671 x 733
Changing real window size to 1366 x 768
Changing real window size to 1366 x 768
Changing real window size to 1366 x 768
UnloadTime: 1.315000 ms
Non platform assembly: data-0x44acf10 (this message is harmless)
Fallback handler could not load library /home/ivan/Downloads/WMotU/game/Warden_Data/Mono/x86_64/data-0x44acf10.so
Non platform assembly: data-0x44ec590 (this message is harmless)
Fallback handler could not load library /home/ivan/Downloads/WMotU/game/Warden_Data/Mono/x86_64/data-0x44ec590.so
Non platform assembly: data-0x4507430 (this message is harmless)
Fallback handler could not load library /home/ivan/Downloads/WMotU/game/Warden_Data/Mono/x86_64/data-0x4507430.so
Fallback handler could not load library /home/ivan/Downloads/WMotU/game/Warden_Data/Mono/x86_64/libudev.so.0
Fallback handler could not load library /home/ivan/Downloads/WMotU/game/Warden_Data/Mono/x86_64/libudev.so.0.so
Fallback handler could not load library /home/ivan/Downloads/WMotU/game/Warden_Data/Mono/x86_64/./libudev.so.0
Fallback handler could not load library /home/ivan/Downloads/WMotU/game/Warden_Data/Mono/x86_64/./libudev.so.0.so
Fallback handler could not load library /home/ivan/Downloads/WMotU/game/Warden_Data/Mono/x86_64/libudev.so.0
Fallback handler could not load library /home/ivan/Downloads/WMotU/game/Warden_Data/Mono/x86_64/libudev.so.0
Fallback handler could not load library /home/ivan/Downloads/WMotU/game/Warden_Data/Mono/x86_64/libudev.so.0.so
Fallback handler could not load library /home/ivan/Downloads/WMotU/game/Warden_Data/Mono/x86_64/./libudev.so.0
Fallback handler could not load library /home/ivan/Downloads/WMotU/game/Warden_Data/Mono/x86_64/./libudev.so.0.so
Fallback handler could not load library /home/ivan/Downloads/WMotU/game/Warden_Data/Mono/x86_64/libudev.so.0
Fallback handler could not load library /home/ivan/Downloads/WMotU/game/Warden_Data/Mono/x86_64/libudev.so.0
Fallback handler could not load library /home/ivan/Downloads/WMotU/game/Warden_Data/Mono/x86_64/libudev.so.0.so
Fallback handler could not load library /home/ivan/Downloads/WMotU/game/Warden_Data/Mono/x86_64/./libudev.so.0
Fallback handler could not load library /home/ivan/Downloads/WMotU/game/Warden_Data/Mono/x86_64/./libudev.so.0.so
Fallback handler could not load library /home/ivan/Downloads/WMotU/game/Warden_Data/Mono/x86_64/libudev.so.0
Fallback handler could not load library /home/ivan/Downloads/WMotU/game/Warden_Data/Mono/x86_64/libudev.so.0
Fallback handler could not load library /home/ivan/Downloads/WMotU/game/Warden_Data/Mono/x86_64/libudev.so.0.so
Fallback handler could not load library /home/ivan/Downloads/WMotU/game/Warden_Data/Mono/x86_64/./libudev.so.0
Fallback handler could not load library /home/ivan/Downloads/WMotU/game/Warden_Data/Mono/x86_64/./libudev.so.0.so
Fallback handler could not load library /home/ivan/Downloads/WMotU/game/Warden_Data/Mono/x86_64/libudev.so.0
Fallback handler could not load library /home/ivan/Downloads/WMotU/game/Warden_Data/Mono/x86_64/libudev.so.0
Fallback handler could not load library /home/ivan/Downloads/WMotU/game/Warden_Data/Mono/x86_64/libudev.so.0.so
Fallback handler could not load library /home/ivan/Downloads/WMotU/game/Warden_Data/Mono/x86_64/./libudev.so.0
Fallback handler could not load library /home/ivan/Downloads/WMotU/game/Warden_Data/Mono/x86_64/./libudev.so.0.so
Fallback handler could not load library /home/ivan/Downloads/WMotU/game/Warden_Data/Mono/x86_64/libudev.so.0
Fallback handler could not load library /home/ivan/Downloads/WMotU/game/Warden_Data/Mono/x86_64/libudev.so.0
Fallback handler could not load library /home/ivan/Downloads/WMotU/game/Warden_Data/Mono/x86_64/libudev.so.0.so
Fallback handler could not load library /home/ivan/Downloads/WMotU/game/Warden_Data/Mono/x86_64/./libudev.so.0
Fallback handler could not load library /home/ivan/Downloads/WMotU/game/Warden_Data/Mono/x86_64/./libudev.so.0.so
Fallback handler could not load library /home/ivan/Downloads/WMotU/game/Warden_Data/Mono/x86_64/libudev.so.0
Fallback handler could not load library /home/ivan/Downloads/WMotU/game/Warden_Data/Mono/x86_64/libudev.so.0
Fallback handler could not load library /home/ivan/Downloads/WMotU/game/Warden_Data/Mono/x86_64/libudev.so.0.so
Fallback handler could not load library /home/ivan/Downloads/WMotU/game/Warden_Data/Mono/x86_64/./libudev.so.0
Fallback handler could not load library /home/ivan/Downloads/WMotU/game/Warden_Data/Mono/x86_64/./libudev.so.0.so
Fallback handler could not load library /home/ivan/Downloads/WMotU/game/Warden_Data/Mono/x86_64/libudev.so.0
Fallback handler could not load library /home/ivan/Downloads/WMotU/game/Warden_Data/Mono/x86_64/libudev.so.0
Fallback handler could not load library /home/ivan/Downloads/WMotU/game/Warden_Data/Mono/x86_64/libudev.so.0.so
Fallback handler could not load library /home/ivan/Downloads/WMotU/game/Warden_Data/Mono/x86_64/./libudev.so.0
Fallback handler could not load library /home/ivan/Downloads/WMotU/game/Warden_Data/Mono/x86_64/./libudev.so.0.so
Fallback handler could not load library /home/ivan/Downloads/WMotU/game/Warden_Data/Mono/x86_64/libudev.so.0
Fallback handler could not load library /home/ivan/Downloads/WMotU/game/Warden_Data/Mono/x86_64/libudev.so.0
Fallback handler could not load library /home/ivan/Downloads/WMotU/game/Warden_Data/Mono/x86_64/libudev.so.0.so
Fallback handler could not load library /home/ivan/Downloads/WMotU/game/Warden_Data/Mono/x86_64/./libudev.so.0
Fallback handler could not load library /home/ivan/Downloads/WMotU/game/Warden_Data/Mono/x86_64/./libudev.so.0.so
Fallback handler could not load library /home/ivan/Downloads/WMotU/game/Warden_Data/Mono/x86_64/libudev.so.0
Fallback handler could not load library /home/ivan/Downloads/WMotU/game/Warden_Data/Mono/x86_64/libudev.so.0
Fallback handler could not load library /home/ivan/Downloads/WMotU/game/Warden_Data/Mono/x86_64/libudev.so.0.so
Fallback handler could not load library /home/ivan/Downloads/WMotU/game/Warden_Data/Mono/x86_64/./libudev.so.0
Fallback handler could not load library /home/ivan/Downloads/WMotU/game/Warden_Data/Mono/x86_64/./libudev.so.0.so
Fallback handler could not load library /home/ivan/Downloads/WMotU/game/Warden_Data/Mono/x86_64/libudev.so.0
Fallback handler could not load library /home/ivan/Downloads/WMotU/game/Warden_Data/Mono/x86_64/libudev.so.0
Fallback handler could not load library /home/ivan/Downloads/WMotU/game/Warden_Data/Mono/x86_64/libudev.so.0.so
Fallback handler could not load library /home/ivan/Downloads/WMotU/game/Warden_Data/Mono/x86_64/./libudev.so.0
Fallback handler could not load library /home/ivan/Downloads/WMotU/game/Warden_Data/Mono/x86_64/./libudev.so.0.so
Fallback handler could not load library /home/ivan/Downloads/WMotU/game/Warden_Data/Mono/x86_64/libudev.so.0
Fallback handler could not load library /home/ivan/Downloads/WMotU/game/Warden_Data/Mono/x86_64/libudev.so.0
Fallback handler could not load library /home/ivan/Downloads/WMotU/game/Warden_Data/Mono/x86_64/libudev.so.0.so
Fallback handler could not load library /home/ivan/Downloads/WMotU/game/Warden_Data/Mono/x86_64/./libudev.so.0
Fallback handler could not load library /home/ivan/Downloads/WMotU/game/Warden_Data/Mono/x86_64/./libudev.so.0.so
Fallback handler could not load library /home/ivan/Downloads/WMotU/game/Warden_Data/Mono/x86_64/libudev.so.0
Fallback handler could not load library /home/ivan/Downloads/WMotU/game/Warden_Data/Mono/x86_64/libudev.so.0
Fallback handler could not load library /home/ivan/Downloads/WMotU/game/Warden_Data/Mono/x86_64/libudev.so.0.so
Fallback handler could not load library /home/ivan/Downloads/WMotU/game/Warden_Data/Mono/x86_64/./libudev.so.0
Fallback handler could not load library /home/ivan/Downloads/WMotU/game/Warden_Data/Mono/x86_64/./libudev.so.0.so
Fallback handler could not load library /home/ivan/Downloads/WMotU/game/Warden_Data/Mono/x86_64/libudev.so.0
Fallback handler could not load library /home/ivan/Downloads/WMotU/game/Warden_Data/Mono/x86_64/libudev.so.0
Fallback handler could not load library /home/ivan/Downloads/WMotU/game/Warden_Data/Mono/x86_64/libudev.so.0.so
Fallback handler could not load library /home/ivan/Downloads/WMotU/game/Warden_Data/Mono/x86_64/./libudev.so.0
Fallback handler could not load library /home/ivan/Downloads/WMotU/game/Warden_Data/Mono/x86_64/./libudev.so.0.so
Fallback handler could not load library /home/ivan/Downloads/WMotU/game/Warden_Data/Mono/x86_64/libudev.so.0
Fallback handler could not load library /home/ivan/Downloads/WMotU/game/Warden_Data/Mono/x86_64/libudev.so.0
Fallback handler could not load library /home/ivan/Downloads/WMotU/game/Warden_Data/Mono/x86_64/libudev.so.0.so
Fallback handler could not load library /home/ivan/Downloads/WMotU/game/Warden_Data/Mono/x86_64/./libudev.so.0
Fallback handler could not load library /home/ivan/Downloads/WMotU/game/Warden_Data/Mono/x86_64/./libudev.so.0.so
Fallback handler could not load library /home/ivan/Downloads/WMotU/game/Warden_Data/Mono/x86_64/libudev.so.0
Fallback handler could not load library /home/ivan/Downloads/WMotU/game/Warden_Data/Mono/x86_64/libudev.so.0
Fallback handler could not load library /home/ivan/Downloads/WMotU/game/Warden_Data/Mono/x86_64/libudev.so.0.so
Fallback handler could not load library /home/ivan/Downloads/WMotU/game/Warden_Data/Mono/x86_64/./libudev.so.0
Fallback handler could not load library /home/ivan/Downloads/WMotU/game/Warden_Data/Mono/x86_64/./libudev.so.0.so
Fallback handler could not load library /home/ivan/Downloads/WMotU/game/Warden_Data/Mono/x86_64/libudev.so.0
Fallback handler could not load library /home/ivan/Downloads/WMotU/game/Warden_Data/Mono/x86_64/libudev.so.0
Fallback handler could not load library /home/ivan/Downloads/WMotU/game/Warden_Data/Mono/x86_64/libudev.so.0.so
Fallback handler could not load library /home/ivan/Downloads/WMotU/game/Warden_Data/Mono/x86_64/./libudev.so.0
Fallback handler could not load library /home/ivan/Downloads/WMotU/game/Warden_Data/Mono/x86_64/./libudev.so.0.so
Fallback handler could not load library /home/ivan/Downloads/WMotU/game/Warden_Data/Mono/x86_64/libudev.so.0
Fallback handler could not load library /home/ivan/Downloads/WMotU/game/Warden_Data/Mono/x86_64/libudev.so.0
Fallback handler could not load library /home/ivan/Downloads/WMotU/game/Warden_Data/Mono/x86_64/libudev.so.0.so
Fallback handler could not load library /home/ivan/Downloads/WMotU/game/Warden_Data/Mono/x86_64/./libudev.so.0
Fallback handler could not load library /home/ivan/Downloads/WMotU/game/Warden_Data/Mono/x86_64/./libudev.so.0.so
Fallback handler could not load library /home/ivan/Downloads/WMotU/game/Warden_Data/Mono/x86_64/libudev.so.0
Fallback handler could not load library /home/ivan/Downloads/WMotU/game/Warden_Data/Mono/x86_64/libudev.so.0
Fallback handler could not load library /home/ivan/Downloads/WMotU/game/Warden_Data/Mono/x86_64/libudev.so.0.so
Fallback handler could not load library /home/ivan/Downloads/WMotU/game/Warden_Data/Mono/x86_64/./libudev.so.0
Fallback handler could not load library /home/ivan/Downloads/WMotU/game/Warden_Data/Mono/x86_64/./libudev.so.0.so
Fallback handler could not load library /home/ivan/Downloads/WMotU/game/Warden_Data/Mono/x86_64/libudev.so.0
Fallback handler could not load library /home/ivan/Downloads/WMotU/game/Warden_Data/Mono/x86_64/libudev.so.0
Fallback handler could not load library /home/ivan/Downloads/WMotU/game/Warden_Data/Mono/x86_64/libudev.so.0.so
Fallback handler could not load library /home/ivan/Downloads/WMotU/game/Warden_Data/Mono/x86_64/./libudev.so.0
Fallback handler could not load library /home/ivan/Downloads/WMotU/game/Warden_Data/Mono/x86_64/./libudev.so.0.so
Fallback handler could not load library /home/ivan/Downloads/WMotU/game/Warden_Data/Mono/x86_64/libudev.so.0
Unloading 5 Unused Serialized files (Serialized files now loaded: 0)
Setting up 1 worker threads for Enlighten.
  Thread -> id: 7f4adcff9640 -> priority: 1 
UnloadTime: 0.633000 ms

Unloading 16 unused Assets to reduce memory usage. Loaded Objects now: 987.
Total: 10.756000 ms (FindLiveObjects: 0.117000 ms CreateObjectMapping: 0.035000 ms MarkObjects: 10.521000 ms  DeleteObjects: 0.082000 ms)

Unloading 4 Unused Serialized files (Serialized files now loaded: 0)
UnloadTime: 6.988000 ms

Unloading 5 unused Assets to reduce memory usage. Loaded Objects now: 1019.
Total: 13.603000 ms (FindLiveObjects: 0.085000 ms CreateObjectMapping: 0.040000 ms MarkObjects: 13.437000 ms  DeleteObjects: 0.041000 ms)

Unloading 6 Unused Serialized files (Serialized files now loaded: 0)
WARNING: Shader Unsupported: 'Hidden/Dof/DX11Dof' - Pass '' has no vertex shader
WARNING: Shader Unsupported: 'Hidden/Dof/DX11Dof' - Setting to default shader.
WARNING: Shader Unsupported: 'Hidden/Sample Positions' - Pass '' has no vertex shader
WARNING: Shader Unsupported: 'Hidden/Sample Positions' - Setting to default shader.
UnloadTime: 6.361000 ms

Unloading 11 unused Assets to reduce memory usage. Loaded Objects now: 14637.
Total: 16.140001 ms (FindLiveObjects: 1.288000 ms CreateObjectMapping: 0.607000 ms MarkObjects: 14.145000 ms  DeleteObjects: 0.100000 ms)

Can not play a disabled audio source
 
(Filename:  Line: 436)

requesting resize 1366 x 768
Using native desktop resolution 1366 x 768
requesting fullscreen 1366 x 768 at 60 Hz
Desktop is 1366 x 768 @ 60 Hz
requesting resize 800 x 480
requesting fullscreen 800 x 480 at 60 Hz
Desktop is 1366 x 768 @ 60 Hz
Can not play a disabled audio source
 
(Filename:  Line: 436)

Unloading 5 Unused Serialized files (Serialized files now loaded: 0)
UnloadTime: 13.318999 ms

Unloading 1391 unused Assets to reduce memory usage. Loaded Objects now: 2697.
Total: 24.639000 ms (FindLiveObjects: 0.483000 ms CreateObjectMapping: 0.146000 ms MarkObjects: 18.004000 ms  DeleteObjects: 6.004000 ms)

Unloading 8 Unused Serialized files (Serialized files now loaded: 0)
WARNING: Shader Unsupported: 'Hidden/Sample Positions' - Pass '' has no vertex shader
WARNING: Shader Unsupported: 'Hidden/Sample Positions' - Setting to default shader.
UnloadTime: 4.713000 ms

Unloading 57 unused Assets to reduce memory usage. Loaded Objects now: 53090.
Total: 32.487000 ms (FindLiveObjects: 4.749000 ms CreateObjectMapping: 2.430000 ms MarkObjects: 24.704000 ms  DeleteObjects: 0.604000 ms)

No Sparkler agent GroundSpawnDust found in scene.
 
(Filename: /home/builduser/buildslave/unity/build/artifacts/generated/common/runtime/UnityEngineDebugBindings.gen.cpp Line: 37)

No Sparkler agent GroundSpawnDustFlick found in scene.
 
(Filename: /home/builduser/buildslave/unity/build/artifacts/generated/common/runtime/UnityEngineDebugBindings.gen.cpp Line: 37)

